{"/Users/zionhugh/GoogleDrive_Folder/Code_Practices/老马培训/node-start/express-CRUD/service/userService.js":{"path":"/Users/zionhugh/GoogleDrive_Folder/Code_Practices/老马培训/node-start/express-CRUD/service/userService.js","s":{"1":1,"2":1,"3":1,"4":1,"5":1,"6":0,"7":1,"8":0,"9":1},"b":{"1":[0,1],"2":[1,1],"3":[0,1],"4":[1,0]},"f":{"1":1,"2":1},"fnMap":{"1":{"name":"(anonymous_1)","line":7,"loc":{"start":{"line":7,"column":19},"end":{"line":7,"column":29}}},"2":{"name":"(anonymous_2)","line":12,"loc":{"start":{"line":12,"column":23},"end":{"line":12,"column":43}}}},"statementMap":{"1":{"start":{"line":4,"column":0},"end":{"line":4,"column":37}},"2":{"start":{"line":7,"column":0},"end":{"line":9,"column":1}},"3":{"start":{"line":8,"column":4},"end":{"line":8,"column":24}},"4":{"start":{"line":12,"column":0},"end":{"line":33,"column":2}},"5":{"start":{"line":15,"column":4},"end":{"line":20,"column":5}},"6":{"start":{"line":16,"column":8},"end":{"line":19,"column":9}},"7":{"start":{"line":21,"column":4},"end":{"line":26,"column":5}},"8":{"start":{"line":22,"column":8},"end":{"line":25,"column":9}},"9":{"start":{"line":28,"column":4},"end":{"line":32,"column":6}}},"branchMap":{"1":{"line":15,"type":"if","locations":[{"start":{"line":15,"column":4},"end":{"line":15,"column":4}},{"start":{"line":15,"column":4},"end":{"line":15,"column":4}}]},"2":{"line":15,"type":"binary-expr","locations":[{"start":{"line":15,"column":7},"end":{"line":15,"column":32}},{"start":{"line":15,"column":36},"end":{"line":15,"column":45}}]},"3":{"line":21,"type":"if","locations":[{"start":{"line":21,"column":4},"end":{"line":21,"column":4}},{"start":{"line":21,"column":4},"end":{"line":21,"column":4}}]},"4":{"line":21,"type":"binary-expr","locations":[{"start":{"line":21,"column":7},"end":{"line":21,"column":32}},{"start":{"line":21,"column":36},"end":{"line":21,"column":45}}]}}},"/Users/zionhugh/GoogleDrive_Folder/Code_Practices/老马培训/node-start/express-CRUD/initData.js":{"path":"/Users/zionhugh/GoogleDrive_Folder/Code_Practices/老马培训/node-start/express-CRUD/initData.js","s":{"1":1,"2":1,"3":1,"4":1,"5":1,"6":1,"7":1,"8":1,"9":1},"b":{"1":[1,0]},"f":{},"fnMap":{},"statementMap":{"1":{"start":{"line":3,"column":0},"end":{"line":3,"column":25}},"2":{"start":{"line":4,"column":0},"end":{"line":4,"column":29}},"3":{"start":{"line":5,"column":0},"end":{"line":5,"column":31}},"4":{"start":{"line":8,"column":0},"end":{"line":8,"column":36}},"5":{"start":{"line":11,"column":0},"end":{"line":11,"column":36}},"6":{"start":{"line":25,"column":0},"end":{"line":35,"column":3}},"7":{"start":{"line":38,"column":0},"end":{"line":38,"column":26}},"8":{"start":{"line":42,"column":0},"end":{"line":42,"column":92}},"9":{"start":{"line":44,"column":0},"end":{"line":44,"column":41}}},"branchMap":{"1":{"line":11,"type":"binary-expr","locations":[{"start":{"line":11,"column":0},"end":{"line":11,"column":12}},{"start":{"line":11,"column":17},"end":{"line":11,"column":34}}]}}}}