TN:
SF:/Users/zionhugh/GoogleDrive_Folder/Code_Practices/老马培训/node-start/express-CRUD/service/userService.js
FN:7,(anonymous_1)
FN:12,(anonymous_2)
FNF:2
FNH:2
FNDA:1,(anonymous_1)
FNDA:1,(anonymous_2)
DA:4,1
DA:7,1
DA:8,1
DA:12,1
DA:15,1
DA:16,0
DA:21,1
DA:22,0
DA:28,1
LF:9
LH:7
BRDA:15,1,0,0
BRDA:15,1,1,1
BRDA:15,2,0,1
BRDA:15,2,1,1
BRDA:21,3,0,0
BRDA:21,3,1,1
BRDA:21,4,0,1
BRDA:21,4,1,0
BRF:8
BRH:5
end_of_record
TN:
SF:/Users/zionhugh/GoogleDrive_Folder/Code_Practices/老马培训/node-start/express-CRUD/initData.js
FNF:0
FNH:0
DA:3,1
DA:4,1
DA:5,1
DA:8,1
DA:11,1
DA:25,1
DA:38,1
DA:42,1
DA:44,1
LF:9
LH:9
BRDA:11,1,0,1
BRDA:11,1,1,0
BRF:2
BRH:1
end_of_record
